<?xml version="1.0" encoding="UTF-8"?>
<!-- Generated by org.testng.reporters.JUnitReportReporter -->
<testsuite skipped="0" hostname="KTPCPN-118" name="com.katalyst.ensoul.tests.ClientRepresentativeTest" tests="1" failures="0" timestamp="2019-09-04T17:27:12 IST" time="10.056" errors="0">
  <testcase name="createCR" time="10.056" classname="com.katalyst.ensoul.tests.ClientRepresentativeTest"/>
</testsuite> <!-- com.katalyst.ensoul.tests.ClientRepresentativeTest -->
