<?xml version="1.0" encoding="UTF-8"?>
<!-- Generated by org.testng.reporters.JUnitReportReporter -->
<testsuite skipped="0" hostname="Pravin-PC" name="com.katalyst.ensoul.tests.Office365LoginTest" tests="1" failures="0" timestamp="2020-05-26T18:45:05 IST" time="29.184" errors="0">
  <testcase name="Login365" time="29.184" classname="com.katalyst.ensoul.tests.Office365LoginTest"/>
  <system-out/>
</testsuite> <!-- com.katalyst.ensoul.tests.Office365LoginTest -->
