<?xml version="1.0" encoding="UTF-8"?>
<!-- Generated by org.testng.reporters.JUnitReportReporter -->
<testsuite skipped="0" hostname="Pravin-PC" name="com.katalyst.ensoul.tests.CreateEmployeeTest" tests="1" failures="0" timestamp="2020-07-08T19:02:44 IST" time="107.677" errors="0">
  <testcase name="EmployeCreation" time="107.677" classname="com.katalyst.ensoul.tests.CreateEmployeeTest"/>
  <system-out/>
</testsuite> <!-- com.katalyst.ensoul.tests.CreateEmployeeTest -->
