<?xml version="1.0" encoding="UTF-8"?>
<!-- Generated by org.testng.reporters.JUnitReportReporter -->
<testsuite skipped="0" hostname="Pravin-PC" name="com.katalyst.ensoul.tests.CreateBrokerTest" tests="1" failures="0" timestamp="2020-07-08T19:02:44 IST" time="9.788" errors="0">
  <testcase name="BrokerCreation" time="9.788" classname="com.katalyst.ensoul.tests.CreateBrokerTest"/>
  <system-out/>
</testsuite> <!-- com.katalyst.ensoul.tests.CreateBrokerTest -->
