<?xml version="1.0" encoding="UTF-8"?>
<!-- Generated by org.testng.reporters.JUnitReportReporter -->
<testsuite skipped="0" hostname="Pravin-PC" name="com.katalyst.ensoul.tests.DashboardTest" tests="1" failures="0" timestamp="2020-07-08T19:02:44 IST" time="6.975" errors="0">
  <testcase name="DashboardCheck" time="6.975" classname="com.katalyst.ensoul.tests.DashboardTest"/>
  <system-out/>
</testsuite> <!-- com.katalyst.ensoul.tests.DashboardTest -->
