<?xml version="1.0" encoding="UTF-8"?>
<!-- Generated by org.testng.reporters.JUnitReportReporter -->
<testsuite skipped="0" hostname="KTPCPN-118" name="com.katalyst.ensoul.tests.EmployerDashboardTest" tests="1" failures="0" timestamp="2019-09-10T23:14:18 IST" time="5.670" errors="0">
  <testcase name="ClickToBenefits" time="5.670" classname="com.katalyst.ensoul.tests.EmployerDashboardTest"/>
</testsuite> <!-- com.katalyst.ensoul.tests.EmployerDashboardTest -->
