<?xml version="1.0" encoding="UTF-8"?>
<!-- Generated by org.testng.reporters.JUnitReportReporter -->
<testsuite skipped="0" hostname="Pravin-PC" name="com.katalyst.ensoul.tests.ForgotPasswordSecurityQTest" tests="1" failures="0" timestamp="2020-05-26T18:45:05 IST" time="14.890" errors="0">
  <testcase name="ResetPassword" time="14.890" classname="com.katalyst.ensoul.tests.ForgotPasswordSecurityQTest"/>
  <system-out/>
</testsuite> <!-- com.katalyst.ensoul.tests.ForgotPasswordSecurityQTest -->
