<?xml version="1.0" encoding="UTF-8"?>
<!-- Generated by org.testng.reporters.JUnitReportReporter -->
<testsuite skipped="0" hostname="Pravin-PC" name="com.katalyst.ensoul.tests.PolicyTest" tests="6" failures="0" timestamp="2020-07-08T19:02:44 IST" time="80.138" errors="0">
  <testcase name="PolicyCreation" time="13.932" classname="com.katalyst.ensoul.tests.PolicyTest"/>
  <system-out/>
  <testcase name="PolicyCreationDuplicate" time="11.396" classname="com.katalyst.ensoul.tests.PolicyTest"/>
  <system-out/>
  <testcase name="SamePolicyDiffEmployer" time="10.670" classname="com.katalyst.ensoul.tests.PolicyTest"/>
  <system-out/>
  <testcase name="PolicyUpdate" time="17.221" classname="com.katalyst.ensoul.tests.PolicyTest"/>
  <system-out/>
  <testcase name="PolicyDelete" time="16.414" classname="com.katalyst.ensoul.tests.PolicyTest"/>
  <system-out/>
  <testcase name="PolicySplChar" time="10.505" classname="com.katalyst.ensoul.tests.PolicyTest"/>
  <system-out/>
</testsuite> <!-- com.katalyst.ensoul.tests.PolicyTest -->
