<?xml version="1.0" encoding="UTF-8"?>
<!-- Generated by org.testng.reporters.JUnitReportReporter -->
<testsuite skipped="1" hostname="KTPCPN-118" name="com.katalyst.ensoul.tests.EmployeeDashboardTest" tests="1" failures="0" timestamp="16 Oct 2019 09:05:06 GMT" time="0.000" errors="0">
  <testcase name="ClickToBenefits" time="0.000" classname="com.katalyst.ensoul.tests.EmployeeDashboardTest">
    <skipped/>
  </testcase> <!-- ClickToBenefits -->
</testsuite> <!-- com.katalyst.ensoul.tests.EmployeeDashboardTest -->
