<?xml version="1.0" encoding="UTF-8"?>
<!-- Generated by org.testng.reporters.JUnitReportReporter -->
<testsuite skipped="0" hostname="KTPCPN-118" name="com.katalyst.ensoul.tests.EmployeeApprisalFormTest" tests="1" failures="0" timestamp="11 Nov 2019 10:39:32 GMT" time="37.307" errors="0">
  <testcase name="employeeApprisalForm" time="37.307" classname="com.katalyst.ensoul.tests.EmployeeApprisalFormTest"/>
</testsuite> <!-- com.katalyst.ensoul.tests.EmployeeApprisalFormTest -->
