<?xml version="1.0" encoding="UTF-8"?>
<!-- Generated by org.testng.reporters.JUnitReportReporter -->
<testsuite skipped="0" hostname="KTPCPN-118" name="com.katalyst.ensoul.tests.ManageUserTest" tests="1" failures="0" timestamp="2019-09-05T19:15:54 IST" time="2.182" errors="0">
  <testcase name="ManageUser" time="2.182" classname="com.katalyst.ensoul.tests.ManageUserTest"/>
</testsuite> <!-- com.katalyst.ensoul.tests.ManageUserTest -->
