<?xml version="1.0" encoding="UTF-8"?>
<!-- Generated by org.testng.reporters.JUnitReportReporter -->
<testsuite skipped="0" hostname="Pravin-PC" name="com.katalyst.ensoul.tests.RoleTest" tests="9" failures="0" timestamp="2020-07-08T19:02:44 IST" time="85.012" errors="0">
  <testcase name="RoleCreation" time="9.384" classname="com.katalyst.ensoul.tests.RoleTest"/>
  <system-out/>
  <testcase name="SameNameAsPolicy" time="9.575" classname="com.katalyst.ensoul.tests.RoleTest"/>
  <system-out/>
  <testcase name="AplhaNumericRole" time="10.089" classname="com.katalyst.ensoul.tests.RoleTest"/>
  <system-out/>
  <testcase name="MultiplePolicy" time="10.655" classname="com.katalyst.ensoul.tests.RoleTest"/>
  <system-out/>
  <testcase name="RoleWithSpecialChars" time="9.335" classname="com.katalyst.ensoul.tests.RoleTest"/>
  <system-out/>
  <testcase name="DuplicateRoleName" time="9.400" classname="com.katalyst.ensoul.tests.RoleTest"/>
  <system-out/>
  <testcase name="EditRole" time="11.433" classname="com.katalyst.ensoul.tests.RoleTest"/>
  <system-out/>
  <testcase name="DeleteRole" time="10.577" classname="com.katalyst.ensoul.tests.RoleTest"/>
  <system-out/>
  <testcase name="RoleNotEmpty" time="4.564" classname="com.katalyst.ensoul.tests.RoleTest"/>
  <system-out/>
</testsuite> <!-- com.katalyst.ensoul.tests.RoleTest -->
