<?xml version="1.0" encoding="UTF-8"?>
<!-- Generated by org.testng.reporters.JUnitReportReporter -->
<testsuite skipped="0" hostname="Pravin-PC" name="com.katalyst.ensoul.tests.WorkEmailLoginTest" tests="1" failures="0" timestamp="2020-07-10T12:15:46 IST" time="18.142" errors="0">
  <testcase name="LoginToApplication" time="18.142" classname="com.katalyst.ensoul.tests.WorkEmailLoginTest"/>
  <system-out/>
</testsuite> <!-- com.katalyst.ensoul.tests.WorkEmailLoginTest -->
